Determining if the pthread_create exist failed with the following output:
Change Dir: /home/chenqiao/data1/11/mutex1/build/CMakeFiles/CMakeTmp

Run Build Command:"/usr/bin/make" "cmTC_8ce6c/fast"
make[1]: Entering directory '/home/chenqiao/data1/11/mutex1/build/CMakeFiles/CMakeTmp'
/usr/bin/make -f CMakeFiles/cmTC_8ce6c.dir/build.make CMakeFiles/cmTC_8ce6c.dir/build
make[2]: Entering directory '/home/chenqiao/data1/11/mutex1/build/CMakeFiles/CMakeTmp'
Building CXX object CMakeFiles/cmTC_8ce6c.dir/CheckSymbolExists.cxx.o
/usr/bin/c++     -o CMakeFiles/cmTC_8ce6c.dir/CheckSymbolExists.cxx.o -c /home/chenqiao/data1/11/mutex1/build/CMakeFiles/CMakeTmp/CheckSymbolExists.cxx
Linking CXX executable cmTC_8ce6c
/usr/bin/cmake -E cmake_link_script CMakeFiles/cmTC_8ce6c.dir/link.txt --verbose=1
/usr/bin/c++       CMakeFiles/cmTC_8ce6c.dir/CheckSymbolExists.cxx.o  -o cmTC_8ce6c 
CMakeFiles/cmTC_8ce6c.dir/CheckSymbolExists.cxx.o: In function `main':
CheckSymbolExists.cxx:(.text+0x1b): undefined reference to `pthread_create'
collect2: error: ld returned 1 exit status
CMakeFiles/cmTC_8ce6c.dir/build.make:97: recipe for target 'cmTC_8ce6c' failed
make[2]: *** [cmTC_8ce6c] Error 1
make[2]: Leaving directory '/home/chenqiao/data1/11/mutex1/build/CMakeFiles/CMakeTmp'
Makefile:126: recipe for target 'cmTC_8ce6c/fast' failed
make[1]: *** [cmTC_8ce6c/fast] Error 2
make[1]: Leaving directory '/home/chenqiao/data1/11/mutex1/build/CMakeFiles/CMakeTmp'

File /home/chenqiao/data1/11/mutex1/build/CMakeFiles/CMakeTmp/CheckSymbolExists.cxx:
/* */
#include <pthread.h>

int main(int argc, char** argv)
{
  (void)argv;
#ifndef pthread_create
  return ((int*)(&pthread_create))[argc];
#else
  (void)argc;
  return 0;
#endif
}

Determining if the function pthread_create exists in the pthreads failed with the following output:
Change Dir: /home/chenqiao/data1/11/mutex1/build/CMakeFiles/CMakeTmp

Run Build Command:"/usr/bin/make" "cmTC_2e9a3/fast"
make[1]: Entering directory '/home/chenqiao/data1/11/mutex1/build/CMakeFiles/CMakeTmp'
/usr/bin/make -f CMakeFiles/cmTC_2e9a3.dir/build.make CMakeFiles/cmTC_2e9a3.dir/build
make[2]: Entering directory '/home/chenqiao/data1/11/mutex1/build/CMakeFiles/CMakeTmp'
Building CXX object CMakeFiles/cmTC_2e9a3.dir/CheckFunctionExists.cxx.o
/usr/bin/c++    -DCHECK_FUNCTION_EXISTS=pthread_create   -o CMakeFiles/cmTC_2e9a3.dir/CheckFunctionExists.cxx.o -c /home/chenqiao/data1/11/mutex1/build/CMakeFiles/CheckLibraryExists/CheckFunctionExists.cxx
Linking CXX executable cmTC_2e9a3
/usr/bin/cmake -E cmake_link_script CMakeFiles/cmTC_2e9a3.dir/link.txt --verbose=1
/usr/bin/c++   -DCHECK_FUNCTION_EXISTS=pthread_create    CMakeFiles/cmTC_2e9a3.dir/CheckFunctionExists.cxx.o  -o cmTC_2e9a3 -lpthreads 
/usr/bin/ld: cannot find -lpthreads
collect2: error: ld returned 1 exit status
CMakeFiles/cmTC_2e9a3.dir/build.make:97: recipe for target 'cmTC_2e9a3' failed
make[2]: *** [cmTC_2e9a3] Error 1
make[2]: Leaving directory '/home/chenqiao/data1/11/mutex1/build/CMakeFiles/CMakeTmp'
Makefile:126: recipe for target 'cmTC_2e9a3/fast' failed
make[1]: *** [cmTC_2e9a3/fast] Error 2
make[1]: Leaving directory '/home/chenqiao/data1/11/mutex1/build/CMakeFiles/CMakeTmp'


